VIDEO_STAT	video3	like	1
USER_STAT	Jorge	1
HOUR_STAT	0	1
VIDEO_STAT	video2	view	1
USER_STAT	Diego	1
HOUR_STAT	0	1
VIDEO_STAT	video10	like	1
USER_STAT	Jorge	1
HOUR_STAT	1	1
VIDEO_STAT	video8	view	1
USER_STAT	Andres	1
HOUR_STAT	13	1
VIDEO_STAT	video13	like	1
USER_STAT	Moises	1
HOUR_STAT	1	1
VIDEO_STAT	video11	shared	1
USER_STAT	Sofia	1
HOUR_STAT	20	1
VIDEO_STAT	video13	comment	1
USER_STAT	Carlos	1
HOUR_STAT	14	1
VIDEO_STAT	video7	view	1
USER_STAT	Diego	1
HOUR_STAT	21	1
VIDEO_STAT	video15	shared	1
USER_STAT	Marta	1
HOUR_STAT	16	1
VIDEO_STAT	video1	shared	1
USER_STAT	Pedro	1
HOUR_STAT	20	1
VIDEO_STAT	video3	like	1
USER_STAT	Ana	1
HOUR_STAT	16	1
VIDEO_STAT	video14	comment	1
USER_STAT	Diego	1
HOUR_STAT	13	1
VIDEO_STAT	video10	shared	1
USER_STAT	Ana	1
HOUR_STAT	12	1
VIDEO_STAT	video6	comment	1
USER_STAT	Rocio	1
HOUR_STAT	0	1
VIDEO_STAT	video12	view	1
USER_STAT	Sofia	1
HOUR_STAT	5	1
VIDEO_STAT	video8	shared	1
USER_STAT	Rocio	1
HOUR_STAT	10	1
VIDEO_STAT	video10	shared	1
USER_STAT	Andres	1
HOUR_STAT	8	1
VIDEO_STAT	video14	view	1
USER_STAT	Sofia	1
HOUR_STAT	15	1
VIDEO_STAT	video4	comment	1
USER_STAT	Sofia	1
HOUR_STAT	19	1
VIDEO_STAT	video12	like	1
USER_STAT	Julia	1
HOUR_STAT	0	1
VIDEO_STAT	video15	like	1
USER_STAT	Moises	1
HOUR_STAT	8	1
VIDEO_STAT	video15	view	1
USER_STAT	Rocio	1
HOUR_STAT	10	1
VIDEO_STAT	video1	view	1
USER_STAT	Marta	1
HOUR_STAT	22	1
VIDEO_STAT	video8	shared	1
USER_STAT	Moises	1
HOUR_STAT	15	1
VIDEO_STAT	video6	like	1
USER_STAT	Jorge	1
HOUR_STAT	5	1
VIDEO_STAT	video5	view	1
USER_STAT	Moises	1
HOUR_STAT	15	1
VIDEO_STAT	video6	view	1
USER_STAT	Sofia	1
HOUR_STAT	6	1
VIDEO_STAT	video7	comment	1
USER_STAT	Diego	1
HOUR_STAT	9	1
VIDEO_STAT	video4	view	1
USER_STAT	Sofia	1
HOUR_STAT	9	1
VIDEO_STAT	video14	view	1
USER_STAT	Ximena	1
HOUR_STAT	21	1
VIDEO_STAT	video4	like	1
USER_STAT	Ana	1
HOUR_STAT	3	1
VIDEO_STAT	video15	comment	1
USER_STAT	Moises	1
HOUR_STAT	16	1
VIDEO_STAT	video4	shared	1
USER_STAT	Julia	1
HOUR_STAT	6	1
VIDEO_STAT	video12	shared	1
USER_STAT	Jorge	1
HOUR_STAT	23	1
VIDEO_STAT	video6	view	1
USER_STAT	Luis	1
HOUR_STAT	15	1
VIDEO_STAT	video3	view	1
USER_STAT	Jorge	1
HOUR_STAT	22	1
VIDEO_STAT	video9	like	1
USER_STAT	Moises	1
HOUR_STAT	17	1
VIDEO_STAT	video13	like	1
USER_STAT	Marta	1
HOUR_STAT	23	1
VIDEO_STAT	video2	shared	1
USER_STAT	Luis	1
HOUR_STAT	6	1
VIDEO_STAT	video7	like	1
USER_STAT	Luis	1
HOUR_STAT	11	1
VIDEO_STAT	video5	shared	1
USER_STAT	Rocio	1
HOUR_STAT	14	1
VIDEO_STAT	video7	shared	1
USER_STAT	Sofia	1
HOUR_STAT	19	1
VIDEO_STAT	video3	shared	1
USER_STAT	Diego	1
HOUR_STAT	14	1
VIDEO_STAT	video3	comment	1
USER_STAT	Rocio	1
HOUR_STAT	5	1
VIDEO_STAT	video7	view	1
USER_STAT	Ana	1
HOUR_STAT	2	1
VIDEO_STAT	video11	view	1
USER_STAT	Jorge	1
HOUR_STAT	2	1
VIDEO_STAT	video10	like	1
USER_STAT	Sofia	1
HOUR_STAT	20	1
VIDEO_STAT	video2	comment	1
USER_STAT	Ximena	1
HOUR_STAT	12	1
VIDEO_STAT	video14	like	1
USER_STAT	Sofia	1
HOUR_STAT	15	1
VIDEO_STAT	video15	shared	1
USER_STAT	Andres	1
HOUR_STAT	3	1
VIDEO_STAT	video5	view	1
USER_STAT	Andres	1
HOUR_STAT	23	1
VIDEO_STAT	video3	like	1
USER_STAT	Carlos	1
HOUR_STAT	0	1
VIDEO_STAT	video4	comment	1
USER_STAT	Moises	1
HOUR_STAT	20	1
VIDEO_STAT	video14	view	1
USER_STAT	Jorge	1
HOUR_STAT	3	1
VIDEO_STAT	video15	shared	1
USER_STAT	Pedro	1
HOUR_STAT	17	1
VIDEO_STAT	video6	shared	1
USER_STAT	Luis	1
HOUR_STAT	18	1
VIDEO_STAT	video3	shared	1
USER_STAT	Julia	1
HOUR_STAT	20	1
VIDEO_STAT	video14	like	1
USER_STAT	Ximena	1
HOUR_STAT	16	1
VIDEO_STAT	video7	view	1
USER_STAT	Andres	1
HOUR_STAT	16	1
VIDEO_STAT	video1	shared	1
USER_STAT	Diego	1
HOUR_STAT	6	1
VIDEO_STAT	video10	like	1
USER_STAT	Rocio	1
HOUR_STAT	13	1
VIDEO_STAT	video4	comment	1
USER_STAT	Julia	1
HOUR_STAT	19	1
VIDEO_STAT	video6	shared	1
USER_STAT	Carlos	1
HOUR_STAT	4	1
VIDEO_STAT	video7	shared	1
USER_STAT	Moises	1
HOUR_STAT	2	1
VIDEO_STAT	video15	like	1
USER_STAT	Carlos	1
HOUR_STAT	14	1
VIDEO_STAT	video1	comment	1
USER_STAT	Ximena	1
HOUR_STAT	20	1
VIDEO_STAT	video8	like	1
USER_STAT	Luis	1
HOUR_STAT	15	1
VIDEO_STAT	video6	comment	1
USER_STAT	Carlos	1
HOUR_STAT	11	1
VIDEO_STAT	video2	view	1
USER_STAT	Ximena	1
HOUR_STAT	1	1
VIDEO_STAT	video8	like	1
USER_STAT	Ximena	1
HOUR_STAT	23	1
VIDEO_STAT	video13	view	1
USER_STAT	Moises	1
HOUR_STAT	6	1
VIDEO_STAT	video13	comment	1
USER_STAT	Andres	1
HOUR_STAT	0	1
VIDEO_STAT	video4	view	1
USER_STAT	Julia	1
HOUR_STAT	15	1
VIDEO_STAT	video13	comment	1
USER_STAT	Jorge	1
HOUR_STAT	23	1
VIDEO_STAT	video12	shared	1
USER_STAT	Moises	1
HOUR_STAT	8	1
VIDEO_STAT	video14	shared	1
USER_STAT	Rocio	1
HOUR_STAT	15	1
VIDEO_STAT	video1	like	1
USER_STAT	Pedro	1
HOUR_STAT	6	1
VIDEO_STAT	video15	shared	1
USER_STAT	Ximena	1
HOUR_STAT	15	1
VIDEO_STAT	video15	comment	1
USER_STAT	Diego	1
HOUR_STAT	19	1
VIDEO_STAT	video1	view	1
USER_STAT	Ana	1
HOUR_STAT	23	1
VIDEO_STAT	video9	like	1
USER_STAT	Rocio	1
HOUR_STAT	2	1
VIDEO_STAT	video2	view	1
USER_STAT	Pedro	1
HOUR_STAT	13	1
VIDEO_STAT	video15	like	1
USER_STAT	Luis	1
HOUR_STAT	3	1
VIDEO_STAT	video4	comment	1
USER_STAT	Marta	1
HOUR_STAT	15	1
VIDEO_STAT	video12	view	1
USER_STAT	Marta	1
HOUR_STAT	19	1
VIDEO_STAT	video1	view	1
USER_STAT	Moises	1
HOUR_STAT	11	1
VIDEO_STAT	video5	shared	1
USER_STAT	Ximena	1
HOUR_STAT	7	1
VIDEO_STAT	video10	view	1
USER_STAT	Andres	1
HOUR_STAT	8	1
VIDEO_STAT	video2	like	1
USER_STAT	Sofia	1
HOUR_STAT	0	1
VIDEO_STAT	video13	comment	1
USER_STAT	Julia	1
HOUR_STAT	15	1
VIDEO_STAT	video12	view	1
USER_STAT	Jorge	1
HOUR_STAT	6	1
VIDEO_STAT	video9	view	1
USER_STAT	Luis	1
HOUR_STAT	14	1
VIDEO_STAT	video6	shared	1
USER_STAT	Sofia	1
HOUR_STAT	17	1
VIDEO_STAT	video7	like	1
USER_STAT	Diego	1
HOUR_STAT	10	1
VIDEO_STAT	video3	like	1
USER_STAT	Pedro	1
HOUR_STAT	21	1
VIDEO_STAT	video7	like	1
USER_STAT	Jorge	1
HOUR_STAT	16	1
VIDEO_STAT	video4	like	1
USER_STAT	Diego	1
HOUR_STAT	21	1
VIDEO_STAT	video2	shared	1
USER_STAT	Ximena	1
HOUR_STAT	14	1
VIDEO_STAT	video13	shared	1
USER_STAT	Carlos	1
HOUR_STAT	6	1
VIDEO_STAT	video6	comment	1
USER_STAT	Moises	1
HOUR_STAT	6	1
VIDEO_STAT	video8	like	1
USER_STAT	Pedro	1
HOUR_STAT	6	1
VIDEO_STAT	video11	view	1
USER_STAT	Rocio	1
HOUR_STAT	19	1
VIDEO_STAT	video14	shared	1
USER_STAT	Ana	1
HOUR_STAT	5	1
VIDEO_STAT	video2	view	1
USER_STAT	Julia	1
HOUR_STAT	20	1
VIDEO_STAT	video13	comment	1
USER_STAT	Diego	1
HOUR_STAT	5	1
VIDEO_STAT	video13	view	1
USER_STAT	Carlos	1
HOUR_STAT	18	1
VIDEO_STAT	video14	like	1
USER_STAT	Diego	1
HOUR_STAT	1	1
VIDEO_STAT	video3	view	1
USER_STAT	Rocio	1
HOUR_STAT	7	1
VIDEO_STAT	video4	view	1
USER_STAT	Luis	1
HOUR_STAT	11	1
VIDEO_STAT	video1	view	1
USER_STAT	Rocio	1
HOUR_STAT	23	1
VIDEO_STAT	video15	view	1
USER_STAT	Diego	1
HOUR_STAT	10	1
VIDEO_STAT	video1	like	1
USER_STAT	Diego	1
HOUR_STAT	14	1
VIDEO_STAT	video4	shared	1
USER_STAT	Moises	1
HOUR_STAT	2	1
VIDEO_STAT	video9	like	1
USER_STAT	Ana	1
HOUR_STAT	10	1
VIDEO_STAT	video8	comment	1
USER_STAT	Andres	1
HOUR_STAT	20	1
VIDEO_STAT	video8	view	1
USER_STAT	Moises	1
HOUR_STAT	23	1
VIDEO_STAT	video12	view	1
USER_STAT	Moises	1
HOUR_STAT	22	1
VIDEO_STAT	video4	comment	1
USER_STAT	Rocio	1
HOUR_STAT	23	1
VIDEO_STAT	video3	shared	1
USER_STAT	Ana	1
HOUR_STAT	4	1
VIDEO_STAT	video14	view	1
USER_STAT	Marta	1
HOUR_STAT	17	1
VIDEO_STAT	video3	shared	1
USER_STAT	Carlos	1
HOUR_STAT	17	1
VIDEO_STAT	video1	view	1
USER_STAT	Jorge	1
HOUR_STAT	13	1
VIDEO_STAT	video14	view	1
USER_STAT	Moises	1
HOUR_STAT	13	1
VIDEO_STAT	video13	like	1
USER_STAT	Andres	1
HOUR_STAT	15	1
VIDEO_STAT	video8	view	1
USER_STAT	Jorge	1
HOUR_STAT	16	1
VIDEO_STAT	video3	view	1
USER_STAT	Ana	1
HOUR_STAT	19	1
VIDEO_STAT	video15	like	1
USER_STAT	Rocio	1
HOUR_STAT	14	1
VIDEO_STAT	video9	shared	1
USER_STAT	Sofia	1
HOUR_STAT	13	1
VIDEO_STAT	video14	shared	1
USER_STAT	Sofia	1
HOUR_STAT	14	1
VIDEO_STAT	video10	comment	1
USER_STAT	Sofia	1
HOUR_STAT	12	1
VIDEO_STAT	video14	like	1
USER_STAT	Carlos	1
HOUR_STAT	21	1
VIDEO_STAT	video3	view	1
USER_STAT	Marta	1
HOUR_STAT	10	1
VIDEO_STAT	video5	shared	1
USER_STAT	Julia	1
HOUR_STAT	8	1
VIDEO_STAT	video10	comment	1
USER_STAT	Ana	1
HOUR_STAT	20	1
VIDEO_STAT	video15	shared	1
USER_STAT	Luis	1
HOUR_STAT	2	1
VIDEO_STAT	video1	comment	1
USER_STAT	Andres	1
HOUR_STAT	9	1
VIDEO_STAT	video12	shared	1
USER_STAT	Carlos	1
HOUR_STAT	5	1
VIDEO_STAT	video4	shared	1
USER_STAT	Carlos	1
HOUR_STAT	22	1
VIDEO_STAT	video8	like	1
USER_STAT	Diego	1
HOUR_STAT	11	1
VIDEO_STAT	video14	view	1
USER_STAT	Ana	1
HOUR_STAT	8	1
VIDEO_STAT	video14	comment	1
USER_STAT	Andres	1
HOUR_STAT	10	1
VIDEO_STAT	video9	shared	1
USER_STAT	Carlos	1
HOUR_STAT	16	1
VIDEO_STAT	video8	comment	1
USER_STAT	Diego	1
HOUR_STAT	9	1
VIDEO_STAT	video11	comment	1
USER_STAT	Rocio	1
HOUR_STAT	3	1
VIDEO_STAT	video12	comment	1
USER_STAT	Ana	1
HOUR_STAT	5	1
VIDEO_STAT	video11	shared	1
USER_STAT	Luis	1
HOUR_STAT	19	1
VIDEO_STAT	video11	like	1
USER_STAT	Pedro	1
HOUR_STAT	11	1
VIDEO_STAT	video12	view	1
USER_STAT	Pedro	1
HOUR_STAT	13	1
VIDEO_STAT	video7	shared	1
USER_STAT	Diego	1
HOUR_STAT	7	1
VIDEO_STAT	video3	comment	1
USER_STAT	Andres	1
HOUR_STAT	15	1
VIDEO_STAT	video13	shared	1
USER_STAT	Ana	1
HOUR_STAT	0	1
VIDEO_STAT	video10	comment	1
USER_STAT	Andres	1
HOUR_STAT	23	1
VIDEO_STAT	video6	like	1
USER_STAT	Pedro	1
HOUR_STAT	12	1
VIDEO_STAT	video3	view	1
USER_STAT	Ximena	1
HOUR_STAT	15	1
VIDEO_STAT	video5	shared	1
USER_STAT	Carlos	1
HOUR_STAT	20	1
VIDEO_STAT	video10	comment	1
USER_STAT	Luis	1
HOUR_STAT	5	1
VIDEO_STAT	video5	shared	1
USER_STAT	Pedro	1
HOUR_STAT	18	1
VIDEO_STAT	video2	like	1
USER_STAT	Luis	1
HOUR_STAT	22	1
VIDEO_STAT	video3	view	1
USER_STAT	Julia	1
HOUR_STAT	6	1
VIDEO_STAT	video12	view	1
USER_STAT	Luis	1
HOUR_STAT	19	1
VIDEO_STAT	video6	shared	1
USER_STAT	Marta	1
HOUR_STAT	20	1
VIDEO_STAT	video3	like	1
USER_STAT	Sofia	1
HOUR_STAT	14	1
VIDEO_STAT	video11	like	1
USER_STAT	Moises	1
HOUR_STAT	1	1
VIDEO_STAT	video12	shared	1
USER_STAT	Sofia	1
HOUR_STAT	4	1
VIDEO_STAT	video8	shared	1
USER_STAT	Marta	1
HOUR_STAT	4	1
VIDEO_STAT	video10	like	1
USER_STAT	Carlos	1
HOUR_STAT	11	1
